xyz at 2025-07-13 12:40:07.551972
Laptop at 2025-07-13 12:41:00.780609
Laptop at 2025-07-13 12:41:11.090907
'Laptop' at 2025-07-13 12:41:57.215101
'Laptop' at 2025-07-13 12:43:18.932702
Laptop at 2025-07-13 12:43:26.647708
Phone at 2025-07-13 12:43:31.471538
Laptop at 2025-07-13 12:43:59.215195
Phone at 2025-07-13 12:44:03.932007
All at 2025-07-13 12:44:09.067539
 at 2025-07-13 12:44:12.291604
Watch at 2025-07-13 12:44:36.403161
None at 2025-08-09 13:03:46.659730
None at 2025-08-12 07:55:19.045119
None at 2025-08-12 08:00:06.632919
None at 2025-08-12 08:03:31.451940
watch at 2025-08-12 08:03:37.284603
 at 2025-08-12 08:03:39.630548
None at 2025-08-12 09:29:39.827835
None at 2025-08-12 09:30:23.189463
None at 2025-08-12 09:30:47.968729
None at 2025-08-12 09:30:48.977311
None at 2025-08-12 09:30:49.376811
None at 2025-08-12 09:30:49.616295
None at 2025-08-12 09:30:50.025843
None at 2025-08-12 09:30:50.225773
None at 2025-08-12 09:30:50.427389
None at 2025-08-12 09:30:50.611444
None at 2025-08-12 09:30:50.793659
None at 2025-08-12 09:30:51.012150
None at 2025-08-12 09:30:51.197665
None at 2025-08-12 09:30:51.407450
None at 2025-08-12 09:30:51.594535
None at 2025-08-12 09:30:51.822831
None at 2025-08-12 09:30:52.004237
None at 2025-08-12 09:30:52.207690
None at 2025-08-12 09:30:52.396502
None at 2025-08-12 09:30:52.600325
None at 2025-08-12 09:30:52.769436
None at 2025-08-12 09:30:52.976034
None at 2025-08-12 09:30:53.155958
None at 2025-08-12 09:30:53.350208
None at 2025-08-12 09:30:53.588330
